<?xml version="1.0" encoding="UTF-8"?>
<!-- Generated by org.testng.reporters.JUnitXMLReporter -->
<testsuite hostname="DESKTOP-O544DRQ" ignored="0" name="Default test" tests="5" failures="0" timestamp="2023-01-04T18:46:31 IST" time="61.599" errors="0">
  <testcase name="homePageTitleTest" time="0.05" classname="com.qa.opencart.tests.HomePageTest"/>
  <testcase name="homePageURLTest" time="0.001" classname="com.qa.opencart.tests.HomePageTest"/>
  <testcase name="searchProductTest" time="0.732" classname="com.qa.opencart.tests.HomePageTest"/>
  <testcase name="searchProductTest" time="0.661" classname="com.qa.opencart.tests.HomePageTest"/>
  <testcase name="searchProductTest" time="0.815" classname="com.qa.opencart.tests.HomePageTest"/>
</testsuite> <!-- Default test -->
