<?xml version="1.0" encoding="UTF-8"?>
<testng-results skipped="0" failed="0" ignored="0" total="5" passed="5">
  <reporter-output>
  </reporter-output>
  <suite name="Default suite" duration-ms="61599" started-at="2023-01-04T18:45:30 IST" finished-at="2023-01-04T18:46:31 IST">
    <groups>
    </groups>
    <test name="Default test" duration-ms="61599" started-at="2023-01-04T18:45:30 IST" finished-at="2023-01-04T18:46:31 IST">
      <class name="com.qa.opencart.tests.HomePageTest">
        <test-method status="PASS" signature="setUp()[pri:0, instance:com.qa.opencart.tests.HomePageTest@32709393]" name="setUp" is-config="true" duration-ms="13165" started-at="2023-01-04T18:45:30 IST" finished-at="2023-01-04T18:45:43 IST">
          <reporter-output>
          </reporter-output>
        </test-method> <!-- setUp -->
        <test-method status="PASS" signature="homePageTitleTest()[pri:1, instance:com.qa.opencart.tests.HomePageTest@32709393]" name="homePageTitleTest" duration-ms="50" started-at="2023-01-04T18:45:43 IST" finished-at="2023-01-04T18:45:43 IST">
          <reporter-output>
          </reporter-output>
        </test-method> <!-- homePageTitleTest -->
        <test-method status="PASS" signature="tearDown()[pri:0, instance:com.qa.opencart.tests.HomePageTest@32709393]" name="tearDown" is-config="true" duration-ms="373" started-at="2023-01-04T18:45:43 IST" finished-at="2023-01-04T18:45:43 IST">
          <reporter-output>
          </reporter-output>
        </test-method> <!-- tearDown -->
        <test-method status="PASS" signature="setUp()[pri:0, instance:com.qa.opencart.tests.HomePageTest@32709393]" name="setUp" is-config="true" duration-ms="7206" started-at="2023-01-04T18:45:43 IST" finished-at="2023-01-04T18:45:51 IST">
          <reporter-output>
          </reporter-output>
        </test-method> <!-- setUp -->
        <test-method status="PASS" signature="homePageURLTest()[pri:2, instance:com.qa.opencart.tests.HomePageTest@32709393]" name="homePageURLTest" duration-ms="1" started-at="2023-01-04T18:45:51 IST" finished-at="2023-01-04T18:45:51 IST">
          <reporter-output>
          </reporter-output>
        </test-method> <!-- homePageURLTest -->
        <test-method status="PASS" signature="tearDown()[pri:0, instance:com.qa.opencart.tests.HomePageTest@32709393]" name="tearDown" is-config="true" duration-ms="293" started-at="2023-01-04T18:45:51 IST" finished-at="2023-01-04T18:45:51 IST">
          <reporter-output>
          </reporter-output>
        </test-method> <!-- tearDown -->
        <test-method status="PASS" signature="setUp()[pri:0, instance:com.qa.opencart.tests.HomePageTest@32709393]" name="setUp" is-config="true" duration-ms="5819" started-at="2023-01-04T18:45:51 IST" finished-at="2023-01-04T18:45:57 IST">
          <reporter-output>
          </reporter-output>
        </test-method> <!-- setUp -->
        <test-method status="PASS" signature="searchProductTest(java.lang.String)[pri:3, instance:com.qa.opencart.tests.HomePageTest@32709393]" name="searchProductTest" duration-ms="732" started-at="2023-01-04T18:45:57 IST" data-provider="getProductData" finished-at="2023-01-04T18:45:57 IST">
          <params>
            <param index="0">
              <value>
                <![CDATA[Macbook]]>
              </value>
            </param>
          </params>
          <reporter-output>
          </reporter-output>
        </test-method> <!-- searchProductTest -->
        <test-method status="PASS" signature="tearDown()[pri:0, instance:com.qa.opencart.tests.HomePageTest@32709393]" name="tearDown" is-config="true" duration-ms="6658" started-at="2023-01-04T18:45:57 IST" finished-at="2023-01-04T18:46:04 IST">
          <reporter-output>
          </reporter-output>
        </test-method> <!-- tearDown -->
        <test-method status="PASS" signature="setUp()[pri:0, instance:com.qa.opencart.tests.HomePageTest@32709393]" name="setUp" is-config="true" duration-ms="6940" started-at="2023-01-04T18:46:04 IST" finished-at="2023-01-04T18:46:11 IST">
          <reporter-output>
          </reporter-output>
        </test-method> <!-- setUp -->
        <test-method status="PASS" signature="searchProductTest(java.lang.String)[pri:3, instance:com.qa.opencart.tests.HomePageTest@32709393]" name="searchProductTest" duration-ms="661" started-at="2023-01-04T18:46:11 IST" data-provider="getProductData" finished-at="2023-01-04T18:46:12 IST">
          <params>
            <param index="0">
              <value>
                <![CDATA[iPhone]]>
              </value>
            </param>
          </params>
          <reporter-output>
          </reporter-output>
        </test-method> <!-- searchProductTest -->
        <test-method status="PASS" signature="tearDown()[pri:0, instance:com.qa.opencart.tests.HomePageTest@32709393]" name="tearDown" is-config="true" duration-ms="6437" started-at="2023-01-04T18:46:12 IST" finished-at="2023-01-04T18:46:18 IST">
          <reporter-output>
          </reporter-output>
        </test-method> <!-- tearDown -->
        <test-method status="PASS" signature="setUp()[pri:0, instance:com.qa.opencart.tests.HomePageTest@32709393]" name="setUp" is-config="true" duration-ms="5958" started-at="2023-01-04T18:46:18 IST" finished-at="2023-01-04T18:46:24 IST">
          <reporter-output>
          </reporter-output>
        </test-method> <!-- setUp -->
        <test-method status="PASS" signature="searchProductTest(java.lang.String)[pri:3, instance:com.qa.opencart.tests.HomePageTest@32709393]" name="searchProductTest" duration-ms="815" started-at="2023-01-04T18:46:24 IST" data-provider="getProductData" finished-at="2023-01-04T18:46:25 IST">
          <params>
            <param index="0">
              <value>
                <![CDATA[iMac]]>
              </value>
            </param>
          </params>
          <reporter-output>
          </reporter-output>
        </test-method> <!-- searchProductTest -->
        <test-method status="PASS" signature="tearDown()[pri:0, instance:com.qa.opencart.tests.HomePageTest@32709393]" name="tearDown" is-config="true" duration-ms="6445" started-at="2023-01-04T18:46:25 IST" finished-at="2023-01-04T18:46:31 IST">
          <reporter-output>
          </reporter-output>
        </test-method> <!-- tearDown -->
      </class> <!-- com.qa.opencart.tests.HomePageTest -->
    </test> <!-- Default test -->
  </suite> <!-- Default suite -->
</testng-results>
