<?xml version="1.0" encoding="UTF-8"?>
<!-- Generated by org.testng.reporters.JUnitXMLReporter -->
<testsuite hostname="DESKTOP-O544DRQ" ignored="0" name="Open cart Login Page Test" tests="2" failures="1" timestamp="2023-01-03T19:31:22 IST" time="0.402" errors="0">
  <testcase name="@BeforeTest setUp" time="0.399" classname="com.qa.opencart.base.BaseTest">
    <failure type="com.microsoft.playwright.PlaywrightException" message="Error {
  message=&amp;apos;connect ECONNREFUSED 127.0.0.1:4444
=========================== logs ===========================
&amp;lt;selenium&amp;gt; connecting to http://localhost:4444/wd/hub/
============================================================
  name=&amp;apos;Error
  stack=&amp;apos;Error: connect ECONNREFUSED 127.0.0.1:4444
=========================== logs ===========================
&amp;lt;selenium&amp;gt; connecting to http://localhost:4444/wd/hub/
============================================================
    at TCPConnectWrap.afterConnect [as oncomplete] (node:net:1278:16)
}">
      <![CDATA[com.microsoft.playwright.PlaywrightException: Error {
  message='connect ECONNREFUSED 127.0.0.1:4444
=========================== logs ===========================
<selenium> connecting to http://localhost:4444/wd/hub/
============================================================
  name='Error
  stack='Error: connect ECONNREFUSED 127.0.0.1:4444
=========================== logs ===========================
<selenium> connecting to http://localhost:4444/wd/hub/
============================================================
    at TCPConnectWrap.afterConnect [as oncomplete] (node:net:1278:16)
}
at com.microsoft.playwright.impl.WaitableResult.get(WaitableResult.java:54)
at com.microsoft.playwright.impl.ChannelOwner.runUntil(ChannelOwner.java:111)
at com.microsoft.playwright.impl.Connection.sendMessage(Connection.java:119)
at com.microsoft.playwright.impl.ChannelOwner.sendMessage(ChannelOwner.java:102)
at com.microsoft.playwright.impl.BrowserTypeImpl.launchImpl(BrowserTypeImpl.java:52)
at com.microsoft.playwright.impl.BrowserTypeImpl.lambda$launch$0(BrowserTypeImpl.java:44)
at com.microsoft.playwright.impl.LoggingSupport.withLogging(LoggingSupport.java:47)
at com.microsoft.playwright.impl.ChannelOwner.withLogging(ChannelOwner.java:87)
at com.microsoft.playwright.impl.BrowserTypeImpl.launch(BrowserTypeImpl.java:44)
at com.microsoft.playwright.impl.BrowserTypeImpl.launch(BrowserTypeImpl.java:35)
at com.qa.opencart.factory.PlaywrightFactory.iniBrowser(PlaywrightFactory.java:69)
at com.qa.opencart.base.BaseTest.setUp(BaseTest.java:24)
at java.util.concurrent.FutureTask.run(FutureTask.java:266)
at java.util.concurrent.ThreadPoolExecutor.runWorker(ThreadPoolExecutor.java:1149)
at java.util.concurrent.ThreadPoolExecutor$Worker.run(ThreadPoolExecutor.java:624)
at java.lang.Thread.run(Thread.java:748)
Caused by: com.microsoft.playwright.impl.DriverException: Error {
  message='connect ECONNREFUSED 127.0.0.1:4444
=========================== logs ===========================
<selenium> connecting to http://localhost:4444/wd/hub/
============================================================
  name='Error
  stack='Error: connect ECONNREFUSED 127.0.0.1:4444
=========================== logs ===========================
<selenium> connecting to http://localhost:4444/wd/hub/
============================================================
    at TCPConnectWrap.afterConnect [as oncomplete] (node:net:1278:16)
}
at com.microsoft.playwright.impl.Connection.dispatch(Connection.java:201)
at com.microsoft.playwright.impl.Connection.processOneMessage(Connection.java:181)
at com.microsoft.playwright.impl.ChannelOwner.runUntil(ChannelOwner.java:109)
... 29 more
... Removed 15 stack frames]]>
    </failure>
  </testcase> <!-- @BeforeTest setUp -->
  <testcase name="@AfterTest tearDown" time="-1.672754482913E9" classname="com.qa.opencart.base.BaseTest">
    <skipped/>
  </testcase> <!-- @AfterTest tearDown -->
  <testcase name="forgotPasswordLinkDisplayedTest" time="0.0" classname="com.qa.opencart.tests.LoginPageTest">
    <skipped/>
  </testcase> <!-- forgotPasswordLinkDisplayedTest -->
  <testcase name="forgotPasswordLinkDisplayedTest" time="0.001" classname="com.qa.opencart.tests.LoginPageTest">
    <failure type="java.lang.NullPointerException">
      <![CDATA[java.lang.NullPointerException
at com.qa.opencart.factory.PlaywrightFactory.takeScreenshot(PlaywrightFactory.java:105)
at com.qa.opencart.listners.ExtentReportListener.onTestSkipped(ExtentReportListener.java:106)
at java.util.ArrayList.forEach(ArrayList.java:1257)
at java.util.concurrent.FutureTask.run(FutureTask.java:266)
at java.util.concurrent.ThreadPoolExecutor.runWorker(ThreadPoolExecutor.java:1149)
at java.util.concurrent.ThreadPoolExecutor$Worker.run(ThreadPoolExecutor.java:624)
at java.lang.Thread.run(Thread.java:748)
... Removed 16 stack frames]]>
    </failure>
  </testcase> <!-- forgotPasswordLinkDisplayedTest -->
</testsuite> <!-- Open cart Login Page Test -->
