<?xml version="1.0" encoding="UTF-8"?>
<testsuite xmlns:xsi="http://www.w3.org/2001/XMLSchema-instance" xsi:noNamespaceSchemaLocation="https://maven.apache.org/surefire/maven-surefire-plugin/xsd/surefire-test-report.xsd" name="TestSuite" time="5.667" tests="8" errors="0" skipped="4" failures="4">
  <properties>
[...]
</properties>
  <testcase name="setUp" classname="com.qa.opencart.tests.HomePageTest" time="4.858">
    <failure message="Error {&#10;  message=&apos;connect ECONNREFUSED 127.0.0.1:4444&#10;=========================== logs ===========================&#10;&lt;selenium&gt; connecting to http://localhost:4444/wd/hub/&#10;============================================================&#10;  name=&apos;Error&#10;  stack=&apos;Error: connect ECONNREFUSED 127.0.0.1:4444&#10;=========================== logs ===========================&#10;&lt;selenium&gt; connecting to http://localhost:4444/wd/hub/&#10;============================================================&#10;    at TCPConnectWrap.afterConnect [as oncomplete] (node:net:1278:16)&#10;}" type="com.microsoft.playwright.PlaywrightException"><![CDATA[com.microsoft.playwright.PlaywrightException: 
Error {
  message='connect ECONNREFUSED 127.0.0.1:4444
=========================== logs ===========================
<selenium> connecting to http://localhost:4444/wd/hub/
============================================================
  name='Error
  stack='Error: connect ECONNREFUSED 127.0.0.1:4444
=========================== logs ===========================
<selenium> connecting to http://localhost:4444/wd/hub/
============================================================
    at TCPConnectWrap.afterConnect [as oncomplete] (node:net:1278:16)
}
Caused by: com.microsoft.playwright.impl.DriverException: 
Error {
  message='connect ECONNREFUSED 127.0.0.1:4444
=========================== logs ===========================
<selenium> connecting to http://localhost:4444/wd/hub/
============================================================
  name='Error
  stack='Error: connect ECONNREFUSED 127.0.0.1:4444
=========================== logs ===========================
<selenium> connecting to http://localhost:4444/wd/hub/
============================================================
    at TCPConnectWrap.afterConnect [as oncomplete] (node:net:1278:16)
}
]]></failure>
    <system-out><![CDATA[...
... TestNG 7.0.1 by CÃ©dric Beust (cedric@beust.com)
...

Test Suite started!
Executing before test...
Browser name=> Edge
]]></system-out>
  </testcase>
  <testcase name="homePageTitleTest" classname="com.qa.opencart.tests.HomePageTest" time="0">
    <skipped message="Error {&#10;  message=&apos;connect ECONNREFUSED 127.0.0.1:4444&#10;=========================== logs ===========================&#10;&lt;selenium&gt; connecting to http://localhost:4444/wd/hub/&#10;============================================================&#10;  name=&apos;Error&#10;  stack=&apos;Error: connect ECONNREFUSED 127.0.0.1:4444&#10;=========================== logs ===========================&#10;&lt;selenium&gt; connecting to http://localhost:4444/wd/hub/&#10;============================================================&#10;    at TCPConnectWrap.afterConnect [as oncomplete] (node:net:1278:16)&#10;}"/>
    <system-out><![CDATA[homePageTitleTest started!
]]></system-out>
  </testcase>
  <testcase name="homePageTitleTest" classname="com.qa.opencart.tests.HomePageTest" time="0.01">
    <failure type="java.lang.NullPointerException">java.lang.NullPointerException
</failure>
    <system-out><![CDATA[homePageTitleTest skipped!
]]></system-out>
  </testcase>
  <testcase name="tearDown" classname="com.qa.opencart.tests.HomePageTest" time="0">
    <skipped/>
    <system-out><![CDATA[homePageTitleTest failed!
]]></system-out>
  </testcase>
  <testcase name="setUp" classname="com.qa.opencart.tests.LoginPageTest" time="0.724">
    <failure message="Error {&#10;  message=&apos;connect ECONNREFUSED 127.0.0.1:4444&#10;=========================== logs ===========================&#10;&lt;selenium&gt; connecting to http://localhost:4444/wd/hub/&#10;============================================================&#10;  name=&apos;Error&#10;  stack=&apos;Error: connect ECONNREFUSED 127.0.0.1:4444&#10;=========================== logs ===========================&#10;&lt;selenium&gt; connecting to http://localhost:4444/wd/hub/&#10;============================================================&#10;    at TCPConnectWrap.afterConnect [as oncomplete] (node:net:1278:16)&#10;}" type="com.microsoft.playwright.PlaywrightException"><![CDATA[com.microsoft.playwright.PlaywrightException: 
Error {
  message='connect ECONNREFUSED 127.0.0.1:4444
=========================== logs ===========================
<selenium> connecting to http://localhost:4444/wd/hub/
============================================================
  name='Error
  stack='Error: connect ECONNREFUSED 127.0.0.1:4444
=========================== logs ===========================
<selenium> connecting to http://localhost:4444/wd/hub/
============================================================
    at TCPConnectWrap.afterConnect [as oncomplete] (node:net:1278:16)
}
Caused by: com.microsoft.playwright.impl.DriverException: 
Error {
  message='connect ECONNREFUSED 127.0.0.1:4444
=========================== logs ===========================
<selenium> connecting to http://localhost:4444/wd/hub/
============================================================
  name='Error
  stack='Error: connect ECONNREFUSED 127.0.0.1:4444
=========================== logs ===========================
<selenium> connecting to http://localhost:4444/wd/hub/
============================================================
    at TCPConnectWrap.afterConnect [as oncomplete] (node:net:1278:16)
}
]]></failure>
    <system-out><![CDATA[Test Suite is ending!
Test Suite started!
Executing before test...
Browser name=> Edge
]]></system-out>
  </testcase>
  <testcase name="forgotPasswordLinkDisplayedTest" classname="com.qa.opencart.tests.LoginPageTest" time="0">
    <skipped message="Error {&#10;  message=&apos;connect ECONNREFUSED 127.0.0.1:4444&#10;=========================== logs ===========================&#10;&lt;selenium&gt; connecting to http://localhost:4444/wd/hub/&#10;============================================================&#10;  name=&apos;Error&#10;  stack=&apos;Error: connect ECONNREFUSED 127.0.0.1:4444&#10;=========================== logs ===========================&#10;&lt;selenium&gt; connecting to http://localhost:4444/wd/hub/&#10;============================================================&#10;    at TCPConnectWrap.afterConnect [as oncomplete] (node:net:1278:16)&#10;}"/>
    <system-out><![CDATA[forgotPasswordLinkDisplayedTest started!
]]></system-out>
  </testcase>
  <testcase name="forgotPasswordLinkDisplayedTest" classname="com.qa.opencart.tests.LoginPageTest" time="0.002">
    <failure type="java.lang.NullPointerException">java.lang.NullPointerException
</failure>
    <system-out><![CDATA[forgotPasswordLinkDisplayedTest skipped!
]]></system-out>
  </testcase>
  <testcase name="tearDown" classname="com.qa.opencart.tests.LoginPageTest" time="0">
    <skipped/>
    <system-out><![CDATA[forgotPasswordLinkDisplayedTest failed!
]]></system-out>
  </testcase>
</testsuite>