<?xml version="1.0" encoding="UTF-8"?>
<!-- Generated by org.testng.reporters.JUnitXMLReporter -->
<testsuite hostname="DESKTOP-O544DRQ" ignored="0" name="Open cart Home Page Test" tests="5" failures="0" timestamp="01 Jan 2023 16:05:33 GMT" time="9.002" errors="0">
  <testcase name="homePageTitleTest" time="0.03" classname="com.qa.opencart.tests.HomePageTest"/>
  <testcase name="homePageURLTest" time="0.001" classname="com.qa.opencart.tests.HomePageTest"/>
  <testcase name="searchProductTest" time="0.436" classname="com.qa.opencart.tests.HomePageTest"/>
  <testcase name="searchProductTest" time="0.647" classname="com.qa.opencart.tests.HomePageTest"/>
  <testcase name="searchProductTest" time="0.347" classname="com.qa.opencart.tests.HomePageTest"/>
</testsuite> <!-- Open cart Home Page Test -->
