<?xml version="1.0" encoding="UTF-8"?>
<!-- Generated by org.testng.reporters.JUnitXMLReporter -->
<testsuite hostname="DESKTOP-O544DRQ" ignored="0" name="Open cart Login Page Test" tests="2" failures="0" timestamp="01 Jan 2023 16:05:39 GMT" time="6.0" errors="0">
  <testcase name="forgotPasswordLinkDisplayedTest" time="0.42" classname="com.qa.opencart.tests.LoginPageTest"/>
  <testcase name="loginTest" time="0.974" classname="com.qa.opencart.tests.LoginPageTest"/>
</testsuite> <!-- Open cart Login Page Test -->
