<?xml version="1.0" encoding="UTF-8"?>
<!-- Generated by org.testng.reporters.JUnitXMLReporter -->
<testsuite hostname="DESKTOP-O544DRQ" ignored="2" name="Test" tests="2" failures="2" timestamp="01 Jan 2023 16:03:42 GMT" time="7.2" errors="0">
  <testcase name="forgotPasswordLinkDisplayedTest" time="0.003" classname="com.qa.opencart.tests.LoginPageTest">
    <failure type="java.lang.NullPointerException">
      <![CDATA[java.lang.NullPointerException
at com.qa.opencart.tests.LoginPageTest.forgotPasswordLinkDisplayedTest(LoginPageTest.java:22)
... Removed 25 stack frames]]>
    </failure>
  </testcase> <!-- forgotPasswordLinkDisplayedTest -->
  <testcase name="loginTest" time="0.001" classname="com.qa.opencart.tests.LoginPageTest">
    <failure type="java.lang.NullPointerException">
      <![CDATA[java.lang.NullPointerException
at com.qa.opencart.tests.LoginPageTest.loginTest(LoginPageTest.java:12)
... Removed 25 stack frames]]>
    </failure>
  </testcase> <!-- loginTest -->
  <testcase name="@BeforeTest setUp" time="0.0" classname="com.qa.opencart.base.BaseTest">
    <ignored/>
  </testcase> <!-- @BeforeTest setUp -->
  <testcase name="@AfterTest tearDown" time="0.0" classname="com.qa.opencart.base.BaseTest">
    <ignored/>
  </testcase> <!-- @AfterTest tearDown -->
</testsuite> <!-- Test -->
